<?xml version="1.0" encoding="UTF-8"?>
<!-- Generated by org.testng.reporters.JUnitReportReporter -->
<testsuite hostname="DESKTOP-MUAM1G2" failures="0" tests="3" name="Testcode.Avallainrele1" time="66.948" errors="0" timestamp="2021-03-26T07:16:16 GMT" skipped="0">
  <testcase classname="Testcode.Avallainrele1" name="login" time="19.523"/>
  <system-out/>
  <testcase classname="Testcode.Avallainrele1" name="dashboard" time="3.978"/>
  <system-out/>
  <testcase classname="Testcode.Avallainrele1" name="openactivity" time="43.447"/>
  <system-out/>
</testsuite> <!-- Testcode.Avallainrele1 -->
